<?xml version="1.0" encoding="UTF-8"?>
<!-- Generated by org.testng.reporters.JUnitXMLReporter -->
<testsuite hostname="DESKTOP-8ETPM1B" ignored="2" name="regression" tests="3" failures="0" timestamp="2020-04-16T17:47:34 IST" time="0.09" errors="0">
  <testcase name="Teacher2" time="0.012" classname="TestNg_Demo.Basics1"/>
  <testcase name="student1" time="0.002" classname="TestNg_Demo.Basics2"/>
  <testcase name="chairman" time="0.002" classname="TestNg_Demo.Basics3"/>
  <testcase name="staff" time="0.0" classname="TestNg_Demo.Basics1">
    <ignored/>
  </testcase> <!-- staff -->
  <testcase name="Teacher1" time="0.0" classname="TestNg_Demo.Basics1">
    <ignored/>
  </testcase> <!-- Teacher1 -->
</testsuite> <!-- regression -->
