<?xml version="1.0" encoding="UTF-8"?>
<!-- Generated by org.testng.reporters.JUnitXMLReporter -->
<testsuite hostname="DESKTOP-8ETPM1B" ignored="1" name="Teachers" tests="7" failures="0" timestamp="2020-04-17T13:43:46 IST" time="0.099" errors="0">
  <testcase name="Vicechairman" time="0.008" classname="TestNg_Demo.Basics3"/>
  <testcase name="Vicechairman" time="0.005" classname="TestNg_Demo.Basics3"/>
  <testcase name="Vicechairman" time="0.003" classname="TestNg_Demo.Basics3"/>
  <testcase name="chairman" time="0.001" classname="TestNg_Demo.Basics3"/>
  <testcase name="staff" time="0.002" classname="TestNg_Demo.Basics1"/>
  <testcase name="Teacher2" time="0.002" classname="TestNg_Demo.Basics1"/>
  <testcase name="Teacher1" time="0.003" classname="TestNg_Demo.Basics1"/>
  <testcase name="owner" time="0.0" classname="TestNg_Demo.Basics1">
    <ignored/>
  </testcase> <!-- owner -->
</testsuite> <!-- Teachers -->
