<?xml version="1.0" encoding="UTF-8"?>
<!-- Generated by org.testng.reporters.JUnitXMLReporter -->
<testsuite hostname="DESKTOP-8ETPM1B" ignored="0" name="Test" tests="4" failures="0" timestamp="2020-04-16T12:48:36 IST" time="0.096" errors="0">
  <testcase name="student1" time="0.011" classname="TestNg_Demo.Basics2"/>
  <testcase name="student2" time="0.005" classname="TestNg_Demo.Basics2"/>
  <testcase name="Teacher1" time="0.003" classname="TestNg_Demo.Basics1"/>
  <testcase name="Teacher2" time="0.005" classname="TestNg_Demo.Basics1"/>
</testsuite> <!-- Test -->
